2025-01-15 10:43:22,838:INFO:
--- Log Analysis Summary ---
2025-01-15 10:43:22,838:INFO:Critical Logs (0):
2025-01-15 10:43:22,838:INFO:Confidential Logs (0):
2025-01-15 10:43:22,838:INFO:Informal Logs (16):
2025-01-15 10:43:22,838:INFO:{'EventID': 8224, 'Source': 'VSS', 'Time': pywintypes.datetime(2025, 1, 15, 10, 20, 12), 'Message': ('',)}
2025-01-15 10:43:22,838:INFO:{'EventID': 10001, 'Source': 'Microsoft-Windows-RestartManager', 'Time': pywintypes.datetime(2025, 1, 15, 10, 19, 14), 'Message': ('13', '2025-01-15T15:17:31.7912719Z')}
2025-01-15 10:43:22,838:INFO:{'EventID': 1073758208, 'Source': 'Software Protection Platform Service', 'Time': pywintypes.datetime(2025, 1, 15, 10, 18, 19), 'Message': ('2025-01-15T16:55:18Z', 'RulesEngine')}
2025-01-15 10:43:22,838:INFO:{'EventID': -1073725430, 'Source': 'Software Protection Platform Service', 'Time': pywintypes.datetime(2025, 1, 15, 10, 17, 48), 'Message': 'No message'}
2025-01-15 10:43:22,838:INFO:{'EventID': 10000, 'Source': 'Microsoft-Windows-RestartManager', 'Time': pywintypes.datetime(2025, 1, 15, 10, 17, 31), 'Message': ('13', '2025-01-15T15:17:31.7912719Z')}
2025-01-15 11:54:47,827 - INFO - Starting EventLogAnalyzer...
2025-01-15 11:54:55,510 - INFO - Analyzing .evtx file: daat2.evtx
2025-01-15 11:54:59,359 - INFO - Starting EventLogAnalyzer...
2025-01-15 11:55:04,650 - INFO - Analyzing .evtx file: data2.evtx
2025-01-15 11:55:04,753 - INFO - 
--- Log Analysis Summary ---
2025-01-15 11:55:04,753 - INFO - Critical Logs (0):
2025-01-15 11:55:04,753 - INFO - Confidential Logs (0):
2025-01-15 11:55:04,753 - INFO - Informal Logs (18):
2025-01-15 11:55:04,753 - INFO - {'EventID': 'Unknown', 'Source': 'Unknown', 'Time': 'Unknown', 'Message': 'No message'}
2025-01-15 11:55:04,753 - INFO - {'EventID': 'Unknown', 'Source': 'Unknown', 'Time': 'Unknown', 'Message': 'No message'}
2025-01-15 11:55:04,753 - INFO - {'EventID': 'Unknown', 'Source': 'Unknown', 'Time': 'Unknown', 'Message': 'No message'}
2025-01-15 11:55:04,753 - INFO - {'EventID': 'Unknown', 'Source': 'Unknown', 'Time': 'Unknown', 'Message': 'No message'}
2025-01-15 11:55:04,753 - INFO - {'EventID': 'Unknown', 'Source': 'Unknown', 'Time': 'Unknown', 'Message': 'No message'}
2025-01-16 10:46:05,105 - INFO - Starting EventLogAnalyzer...
2025-01-16 10:46:11,635 - INFO - Analyzing .evtx file: data2.evtx
2025-01-16 10:46:11,736 - INFO - 
--- Log Analysis Summary ---
2025-01-16 10:46:11,736 - INFO - Critical Logs (0):
2025-01-16 10:46:11,736 - INFO - Confidential Logs (0):
2025-01-16 10:46:11,736 - INFO - Informal Logs (18):
2025-01-16 10:46:11,736 - INFO - {'EventID': 'Unknown', 'Source': 'Unknown', 'Time': 'Unknown', 'Level': 'Unknown', 'Task': 'Unknown', 'Opcode': 'Unknown', 'UserSID': 'Unknown', 'Data': {}}
2025-01-16 10:46:11,736 - INFO - {'EventID': 'Unknown', 'Source': 'Unknown', 'Time': 'Unknown', 'Level': 'Unknown', 'Task': 'Unknown', 'Opcode': 'Unknown', 'UserSID': 'Unknown', 'Data': {'TargetUserName': 'lgrove', 'TargetDomainName': 'threebeesco.com', 'TargetSid': 'S-1-5-21-308926384-506822093-3341789130-101606', 'ServiceName': 'krbtgt', 'ServiceSid': 'S-1-5-21-308926384-506822093-3341789130-502', 'TicketOptions': '0x40810010', 'Status': '0x00000000', 'TicketEncryptionType': '0x00000012', 'PreAuthType': '2', 'IpAddress': '::ffff:172.16.66.19', 'IpPort': '50611', 'CertIssuerName': 'No data', 'CertSerialNumber': 'No data', 'CertThumbprint': 'No data'}}
2025-01-16 10:46:11,736 - INFO - {'EventID': 'Unknown', 'Source': 'Unknown', 'Time': 'Unknown', 'Level': 'Unknown', 'Task': 'Unknown', 'Opcode': 'Unknown', 'UserSID': 'Unknown', 'Data': {'TargetUserName': 'lgrove@THREEBEESCO.COM', 'TargetDomainName': 'THREEBEESCO.COM', 'ServiceName': '01566S-WIN16-IR$', 'ServiceSid': 'S-1-5-21-308926384-506822093-3341789130-35103', 'TicketOptions': '0x40810000', 'TicketEncryptionType': '0x00000012', 'IpAddress': '::ffff:172.16.66.19', 'IpPort': '50612', 'Status': '0x00000000', 'LogonGuid': '{58adc6c7-668e-a999-c52a-384b1cb8e553}', 'TransmittedServices': '-'}}
2025-01-16 10:46:11,736 - INFO - {'EventID': 'Unknown', 'Source': 'Unknown', 'Time': 'Unknown', 'Level': 'Unknown', 'Task': 'Unknown', 'Opcode': 'Unknown', 'UserSID': 'Unknown', 'Data': {'SubjectUserSid': 'S-1-0-0', 'SubjectUserName': '-', 'SubjectDomainName': '-', 'SubjectLogonId': '0x0000000000000000', 'TargetUserSid': 'S-1-5-21-308926384-506822093-3341789130-101606', 'TargetUserName': 'lgrove', 'TargetDomainName': 'THREEBEESCO.COM', 'TargetLogonId': '0x0000000000738ae4', 'LogonType': '3', 'LogonProcessName': 'Kerberos', 'AuthenticationPackageName': 'Kerberos', 'WorkstationName': '-', 'LogonGuid': '{dced4ba6-cf24-37ef-0627-b0e4eed7f565}', 'TransmittedServices': '-', 'LmPackageName': '-', 'KeyLength': '0', 'ProcessId': '0x0000000000000000', 'ProcessName': '-', 'IpAddress': '172.16.66.19', 'IpPort': '50609', 'ImpersonationLevel': '%%1833', 'RestrictedAdminMode': '-', 'TargetOutboundUserName': '-', 'TargetOutboundDomainName': '-', 'VirtualAccount': '%%1843', 'TargetLinkedLogonId': '0x0000000000000000', 'ElevatedToken': '%%1842'}}
2025-01-16 10:46:11,748 - INFO - {'EventID': 'Unknown', 'Source': 'Unknown', 'Time': 'Unknown', 'Level': 'Unknown', 'Task': 'Unknown', 'Opcode': 'Unknown', 'UserSID': 'Unknown', 'Data': {'TargetUserName': 'DC012$', 'TargetDomainName': '3B', 'TargetSid': 'S-1-5-21-308926384-506822093-3341789130-220105', 'SubjectUserSid': 'S-1-5-21-308926384-506822093-3341789130-101606', 'SubjectUserName': 'lgrove', 'SubjectDomainName': '3B', 'SubjectLogonId': '0x0000000000738ae4', 'PrivilegeList': '-', 'SamAccountName': 'DC012$', 'DisplayName': '-', 'UserPrincipalName': '-', 'HomeDirectory': '-', 'HomePath': '-', 'ScriptPath': '-', 'ProfilePath': '-', 'UserWorkstations': '-', 'PasswordLastSet': '12/12/2021 9:57:52 AM', 'AccountExpires': '%%1794', 'PrimaryGroupId': '515', 'AllowedToDelegateTo': '-', 'OldUacValue': '0x0', 'NewUacValue': '0x80', 'UserAccountControl': '\n\t\t%%2087', 'UserParameters': '-', 'SidHistory': '-', 'LogonHours': '%%1793', 'DnsHostName': 'DC012.threebeesco.com', 'ServicePrincipalNames': '\n\t\tHOST/DC012.threebeesco.com\n\t\tRestrictedKrbHost/DC012.threebeesco.com\n\t\tHOST/DC012\n\t\tRestrictedKrbHost/DC012'}}
2025-01-16 10:55:59,984 - INFO - Starting EventLogAnalyzer...
2025-01-16 10:56:07,822 - INFO - Analyzing .evtx file: data2.evtx
2025-01-16 10:56:07,912 - INFO - 
--- Log Analysis Summary ---
2025-01-16 10:56:07,912 - INFO - ['Informal', 'Unknown', 'Unknown', 'Unknown', 'Unknown', 'No additional details']
2025-01-16 10:56:07,912 - INFO - ['Informal', 'Unknown', 'Unknown', 'Unknown', 'Unknown', 'TargetUserName: lgrove; TargetDomainName: threebeesco.com; TargetSid: S-1-5-21-308926384-506822093-3341789130-101606; ServiceName: krbtgt; ServiceSid: S-1-5-21-308926384-506822093-3341789130-502']
2025-01-16 10:56:07,912 - INFO - ['Informal', 'Unknown', 'Unknown', 'Unknown', 'Unknown', 'TargetUserName: lgrove@THREEBEESCO.COM; TargetDomainName: THREEBEESCO.COM; ServiceName: 01566S-WIN16-IR$; ServiceSid: S-1-5-21-308926384-506822093-3341789130-35103; TicketOptions: 0x40810000']
2025-01-16 10:56:07,912 - INFO - ['Informal', 'Unknown', 'Unknown', 'Unknown', 'Unknown', 'SubjectUserSid: S-1-0-0; SubjectUserName: -; SubjectDomainName: -; SubjectLogonId: 0x0000000000000000; TargetUserSid: S-1-5-21-308926384-506822093-3341789130-101606']
2025-01-16 10:56:07,912 - INFO - ['Informal', 'Unknown', 'Unknown', 'Unknown', 'Unknown', 'TargetUserName: DC012$; TargetDomainName: 3B; TargetSid: S-1-5-21-308926384-506822093-3341789130-220105; SubjectUserSid: S-1-5-21-308926384-506822093-3341789130-101606; SubjectUserName: lgrove']
2025-01-16 10:56:07,912 - INFO - ['Informal', 'Unknown', 'Unknown', 'Unknown', 'Unknown', 'TargetUserName: DC012$; TargetDomainName: 3B; TargetSid: S-1-5-21-308926384-506822093-3341789130-220105; SubjectUserSid: S-1-5-21-308926384-506822093-3341789130-101606; SubjectUserName: lgrove']
2025-01-16 10:56:07,912 - INFO - ['Informal', 'Unknown', 'Unknown', 'Unknown', 'Unknown', 'TargetUserName: DC012$; TargetDomainName: 3B; TargetSid: S-1-5-21-308926384-506822093-3341789130-220105; SubjectUserSid: S-1-5-21-308926384-506822093-3341789130-101606; SubjectUserName: lgrove']
2025-01-16 10:56:07,912 - INFO - ['Informal', 'Unknown', 'Unknown', 'Unknown', 'Unknown', 'SubjectUserSid: S-1-0-0; SubjectUserName: -; SubjectDomainName: -; SubjectLogonId: 0x0000000000000000; TargetUserSid: S-1-5-21-308926384-506822093-3341789130-101606']
2025-01-16 10:56:07,912 - INFO - ['Informal', 'Unknown', 'Unknown', 'Unknown', 'Unknown', 'ComputerAccountChange: -; TargetUserName: DC012$; TargetDomainName: 3B; TargetSid: S-1-5-21-308926384-506822093-3341789130-220105; SubjectUserSid: S-1-5-21-308926384-506822093-3341789130-101606']
2025-01-16 10:56:07,912 - INFO - ['Informal', 'Unknown', 'Unknown', 'Unknown', 'Unknown', 'SubjectUserSid: S-1-0-0; SubjectUserName: -; SubjectDomainName: -; SubjectLogonId: 0x0000000000000000; TargetUserSid: S-1-5-21-308926384-506822093-3341789130-101606']
2025-01-16 10:56:07,912 - INFO - ['Informal', 'Unknown', 'Unknown', 'Unknown', 'Unknown', 'ComputerAccountChange: -; TargetUserName: 01566s-win16-ir; TargetDomainName: 3B; TargetSid: S-1-5-21-308926384-506822093-3341789130-220105; SubjectUserSid: S-1-5-21-308926384-506822093-3341789130-101606']
2025-01-16 10:56:07,912 - INFO - ['Informal', 'Unknown', 'Unknown', 'Unknown', 'Unknown', 'OldTargetUserName: DC012$; NewTargetUserName: 01566s-win16-ir; TargetDomainName: 3B; TargetSid: S-1-5-21-308926384-506822093-3341789130-220105; SubjectUserSid: S-1-5-21-308926384-506822093-3341789130-101606']
2025-01-16 10:56:07,928 - INFO - ['Informal', 'Unknown', 'Unknown', 'Unknown', 'Unknown', 'TargetUserName: 01566s-win16-ir; TargetDomainName: threebeesco.com; TargetSid: S-1-5-21-308926384-506822093-3341789130-220105; ServiceName: krbtgt; ServiceSid: S-1-5-21-308926384-506822093-3341789130-502']
2025-01-16 10:56:07,928 - INFO - ['Informal', 'Unknown', 'Unknown', 'Unknown', 'Unknown', 'SubjectUserSid: S-1-0-0; SubjectUserName: -; SubjectDomainName: -; SubjectLogonId: 0x0000000000000000; TargetUserSid: S-1-5-21-308926384-506822093-3341789130-101606']
2025-01-16 10:56:07,928 - INFO - ['Informal', 'Unknown', 'Unknown', 'Unknown', 'Unknown', 'ComputerAccountChange: -; TargetUserName: DC012; TargetDomainName: 3B; TargetSid: S-1-5-21-308926384-506822093-3341789130-220105; SubjectUserSid: S-1-5-21-308926384-506822093-3341789130-101606']
2025-01-16 10:56:07,928 - INFO - ['Informal', 'Unknown', 'Unknown', 'Unknown', 'Unknown', 'OldTargetUserName: 01566s-win16-ir; NewTargetUserName: DC012; TargetDomainName: 3B; TargetSid: S-1-5-21-308926384-506822093-3341789130-220105; SubjectUserSid: S-1-5-21-308926384-506822093-3341789130-101606']
2025-01-16 10:56:07,928 - INFO - ['Informal', 'Unknown', 'Unknown', 'Unknown', 'Unknown', 'TargetUserName: 01566s-win16-ir@THREEBEESCO.COM; TargetDomainName: THREEBEESCO.COM; ServiceName: 01566S-WIN16-IR$; ServiceSid: S-1-5-21-308926384-506822093-3341789130-35103; TicketOptions: 0x40800018']
2025-01-16 10:56:07,928 - INFO - ['Informal', 'Unknown', 'Unknown', 'Unknown', 'Unknown', 'SubjectUserSid: S-1-0-0; SubjectUserName: -; SubjectDomainName: -; SubjectLogonId: 0x0000000000000000; TargetUserSid: S-1-5-18']
2025-01-16 11:14:55,269 - INFO - Starting EventLogAnalyzer...
2025-01-16 11:14:58,614 - INFO - Analyzing .evtx file: data2.evtx
2025-01-16 11:14:58,727 - INFO - 
+------------+-----------+----------+---------+-----------+----------------------------------------------------------------------------------------------------------------------------------------------------------------------------------------------------------------+
| Category   | EventID   | Source   | Time    | UserSID   | Details                                                                                                                                                                                                        |
+============+===========+==========+=========+===========+================================================================================================================================================================================================================+
| Informal   | Unknown   | Unknown  | Unknown | Unknown   | No additional details                                                                                                                                                                                          |
+------------+-----------+----------+---------+-----------+----------------------------------------------------------------------------------------------------------------------------------------------------------------------------------------------------------------+
| Informal   | Unknown   | Unknown  | Unknown | Unknown   | TargetUserName: lgrove; TargetDomainName: threebeesco.com; TargetSid: S-1-5-21-308926384-506822093-3341789130-101606; ServiceName: krbtgt; ServiceSid: S-1-5-21-308926384-506822093-3341789130-502             |
+------------+-----------+----------+---------+-----------+----------------------------------------------------------------------------------------------------------------------------------------------------------------------------------------------------------------+
| Informal   | Unknown   | Unknown  | Unknown | Unknown   | TargetUserName: lgrove@THREEBEESCO.COM; TargetDomainName: THREEBEESCO.COM; ServiceName: 01566S-WIN16-IR$; ServiceSid: S-1-5-21-308926384-506822093-3341789130-35103; TicketOptions: 0x40810000                 |
+------------+-----------+----------+---------+-----------+----------------------------------------------------------------------------------------------------------------------------------------------------------------------------------------------------------------+
| Informal   | Unknown   | Unknown  | Unknown | Unknown   | SubjectUserSid: S-1-0-0; SubjectUserName: -; SubjectDomainName: -; SubjectLogonId: 0x0000000000000000; TargetUserSid: S-1-5-21-308926384-506822093-3341789130-101606                                           |
+------------+-----------+----------+---------+-----------+----------------------------------------------------------------------------------------------------------------------------------------------------------------------------------------------------------------+
| Informal   | Unknown   | Unknown  | Unknown | Unknown   | TargetUserName: DC012$; TargetDomainName: 3B; TargetSid: S-1-5-21-308926384-506822093-3341789130-220105; SubjectUserSid: S-1-5-21-308926384-506822093-3341789130-101606; SubjectUserName: lgrove               |
+------------+-----------+----------+---------+-----------+----------------------------------------------------------------------------------------------------------------------------------------------------------------------------------------------------------------+
| Informal   | Unknown   | Unknown  | Unknown | Unknown   | TargetUserName: DC012$; TargetDomainName: 3B; TargetSid: S-1-5-21-308926384-506822093-3341789130-220105; SubjectUserSid: S-1-5-21-308926384-506822093-3341789130-101606; SubjectUserName: lgrove               |
+------------+-----------+----------+---------+-----------+----------------------------------------------------------------------------------------------------------------------------------------------------------------------------------------------------------------+
| Informal   | Unknown   | Unknown  | Unknown | Unknown   | TargetUserName: DC012$; TargetDomainName: 3B; TargetSid: S-1-5-21-308926384-506822093-3341789130-220105; SubjectUserSid: S-1-5-21-308926384-506822093-3341789130-101606; SubjectUserName: lgrove               |
+------------+-----------+----------+---------+-----------+----------------------------------------------------------------------------------------------------------------------------------------------------------------------------------------------------------------+
| Informal   | Unknown   | Unknown  | Unknown | Unknown   | SubjectUserSid: S-1-0-0; SubjectUserName: -; SubjectDomainName: -; SubjectLogonId: 0x0000000000000000; TargetUserSid: S-1-5-21-308926384-506822093-3341789130-101606                                           |
+------------+-----------+----------+---------+-----------+----------------------------------------------------------------------------------------------------------------------------------------------------------------------------------------------------------------+
| Informal   | Unknown   | Unknown  | Unknown | Unknown   | ComputerAccountChange: -; TargetUserName: DC012$; TargetDomainName: 3B; TargetSid: S-1-5-21-308926384-506822093-3341789130-220105; SubjectUserSid: S-1-5-21-308926384-506822093-3341789130-101606              |
+------------+-----------+----------+---------+-----------+----------------------------------------------------------------------------------------------------------------------------------------------------------------------------------------------------------------+
| Informal   | Unknown   | Unknown  | Unknown | Unknown   | SubjectUserSid: S-1-0-0; SubjectUserName: -; SubjectDomainName: -; SubjectLogonId: 0x0000000000000000; TargetUserSid: S-1-5-21-308926384-506822093-3341789130-101606                                           |
+------------+-----------+----------+---------+-----------+----------------------------------------------------------------------------------------------------------------------------------------------------------------------------------------------------------------+
| Informal   | Unknown   | Unknown  | Unknown | Unknown   | ComputerAccountChange: -; TargetUserName: 01566s-win16-ir; TargetDomainName: 3B; TargetSid: S-1-5-21-308926384-506822093-3341789130-220105; SubjectUserSid: S-1-5-21-308926384-506822093-3341789130-101606     |
+------------+-----------+----------+---------+-----------+----------------------------------------------------------------------------------------------------------------------------------------------------------------------------------------------------------------+
| Informal   | Unknown   | Unknown  | Unknown | Unknown   | OldTargetUserName: DC012$; NewTargetUserName: 01566s-win16-ir; TargetDomainName: 3B; TargetSid: S-1-5-21-308926384-506822093-3341789130-220105; SubjectUserSid: S-1-5-21-308926384-506822093-3341789130-101606 |
+------------+-----------+----------+---------+-----------+----------------------------------------------------------------------------------------------------------------------------------------------------------------------------------------------------------------+
| Informal   | Unknown   | Unknown  | Unknown | Unknown   | TargetUserName: 01566s-win16-ir; TargetDomainName: threebeesco.com; TargetSid: S-1-5-21-308926384-506822093-3341789130-220105; ServiceName: krbtgt; ServiceSid: S-1-5-21-308926384-506822093-3341789130-502    |
+------------+-----------+----------+---------+-----------+----------------------------------------------------------------------------------------------------------------------------------------------------------------------------------------------------------------+
| Informal   | Unknown   | Unknown  | Unknown | Unknown   | SubjectUserSid: S-1-0-0; SubjectUserName: -; SubjectDomainName: -; SubjectLogonId: 0x0000000000000000; TargetUserSid: S-1-5-21-308926384-506822093-3341789130-101606                                           |
+------------+-----------+----------+---------+-----------+----------------------------------------------------------------------------------------------------------------------------------------------------------------------------------------------------------------+
| Informal   | Unknown   | Unknown  | Unknown | Unknown   | ComputerAccountChange: -; TargetUserName: DC012; TargetDomainName: 3B; TargetSid: S-1-5-21-308926384-506822093-3341789130-220105; SubjectUserSid: S-1-5-21-308926384-506822093-3341789130-101606               |
+------------+-----------+----------+---------+-----------+----------------------------------------------------------------------------------------------------------------------------------------------------------------------------------------------------------------+
| Informal   | Unknown   | Unknown  | Unknown | Unknown   | OldTargetUserName: 01566s-win16-ir; NewTargetUserName: DC012; TargetDomainName: 3B; TargetSid: S-1-5-21-308926384-506822093-3341789130-220105; SubjectUserSid: S-1-5-21-308926384-506822093-3341789130-101606  |
+------------+-----------+----------+---------+-----------+----------------------------------------------------------------------------------------------------------------------------------------------------------------------------------------------------------------+
| Informal   | Unknown   | Unknown  | Unknown | Unknown   | TargetUserName: 01566s-win16-ir@THREEBEESCO.COM; TargetDomainName: THREEBEESCO.COM; ServiceName: 01566S-WIN16-IR$; ServiceSid: S-1-5-21-308926384-506822093-3341789130-35103; TicketOptions: 0x40800018        |
+------------+-----------+----------+---------+-----------+----------------------------------------------------------------------------------------------------------------------------------------------------------------------------------------------------------------+
| Informal   | Unknown   | Unknown  | Unknown | Unknown   | SubjectUserSid: S-1-0-0; SubjectUserName: -; SubjectDomainName: -; SubjectLogonId: 0x0000000000000000; TargetUserSid: S-1-5-18                                                                                 |
+------------+-----------+----------+---------+-----------+----------------------------------------------------------------------------------------------------------------------------------------------------------------------------------------------------------------+
2025-01-16 11:55:07,799 - INFO - Starting EventLogAnalyzer...
2025-01-16 11:55:12,590 - INFO - Analyzing .evtx file: data2.evtx
2025-01-16 11:55:12,684 - INFO - 
+------------+-----------+-------------------------------------+----------------------------+-----------+----------------------------------------------------------------------------------------------------------------------------------------------------------------------------------------------------------------+
| Category   |   EventID | Source                              | Time                       | UserSID   | Details                                                                                                                                                                                                        |
+============+===========+=====================================+============================+===========+================================================================================================================================================================================================================+
| Informal   |      1102 | Microsoft-Windows-Eventlog          | 2021-12-12 17:57:17.006376 |           | No additional details                                                                                                                                                                                          |
+------------+-----------+-------------------------------------+----------------------------+-----------+----------------------------------------------------------------------------------------------------------------------------------------------------------------------------------------------------------------+
| Informal   |      4768 | Microsoft-Windows-Security-Auditing | 2021-12-12 17:57:52.272432 |           | TargetUserName: lgrove; TargetDomainName: threebeesco.com; TargetSid: S-1-5-21-308926384-506822093-3341789130-101606; ServiceName: krbtgt; ServiceSid: S-1-5-21-308926384-506822093-3341789130-502             |
+------------+-----------+-------------------------------------+----------------------------+-----------+----------------------------------------------------------------------------------------------------------------------------------------------------------------------------------------------------------------+
| Informal   |      4769 | Microsoft-Windows-Security-Auditing | 2021-12-12 17:57:52.277094 |           | TargetUserName: lgrove@THREEBEESCO.COM; TargetDomainName: THREEBEESCO.COM; ServiceName: 01566S-WIN16-IR$; ServiceSid: S-1-5-21-308926384-506822093-3341789130-35103; TicketOptions: 0x40810000                 |
+------------+-----------+-------------------------------------+----------------------------+-----------+----------------------------------------------------------------------------------------------------------------------------------------------------------------------------------------------------------------+
| Informal   |      4624 | Microsoft-Windows-Security-Auditing | 2021-12-12 17:57:52.278193 |           | SubjectUserSid: S-1-0-0; SubjectUserName: -; SubjectDomainName: -; SubjectLogonId: 0x0000000000000000; TargetUserSid: S-1-5-21-308926384-506822093-3341789130-101606                                           |
+------------+-----------+-------------------------------------+----------------------------+-----------+----------------------------------------------------------------------------------------------------------------------------------------------------------------------------------------------------------------+
| Informal   |      4741 | Microsoft-Windows-Security-Auditing | 2021-12-12 17:57:52.313673 |           | TargetUserName: DC012$; TargetDomainName: 3B; TargetSid: S-1-5-21-308926384-506822093-3341789130-220105; SubjectUserSid: S-1-5-21-308926384-506822093-3341789130-101606; SubjectUserName: lgrove               |
+------------+-----------+-------------------------------------+----------------------------+-----------+----------------------------------------------------------------------------------------------------------------------------------------------------------------------------------------------------------------+
| Informal   |      4722 | Microsoft-Windows-Security-Auditing | 2021-12-12 17:57:52.313749 |           | TargetUserName: DC012$; TargetDomainName: 3B; TargetSid: S-1-5-21-308926384-506822093-3341789130-220105; SubjectUserSid: S-1-5-21-308926384-506822093-3341789130-101606; SubjectUserName: lgrove               |
+------------+-----------+-------------------------------------+----------------------------+-----------+----------------------------------------------------------------------------------------------------------------------------------------------------------------------------------------------------------------+
| Informal   |      4724 | Microsoft-Windows-Security-Auditing | 2021-12-12 17:57:52.313755 |           | TargetUserName: DC012$; TargetDomainName: 3B; TargetSid: S-1-5-21-308926384-506822093-3341789130-220105; SubjectUserSid: S-1-5-21-308926384-506822093-3341789130-101606; SubjectUserName: lgrove               |
+------------+-----------+-------------------------------------+----------------------------+-----------+----------------------------------------------------------------------------------------------------------------------------------------------------------------------------------------------------------------+
| Informal   |      4624 | Microsoft-Windows-Security-Auditing | 2021-12-12 17:57:52.325838 |           | SubjectUserSid: S-1-0-0; SubjectUserName: -; SubjectDomainName: -; SubjectLogonId: 0x0000000000000000; TargetUserSid: S-1-5-21-308926384-506822093-3341789130-101606                                           |
+------------+-----------+-------------------------------------+----------------------------+-----------+----------------------------------------------------------------------------------------------------------------------------------------------------------------------------------------------------------------+
| Informal   |      4742 | Microsoft-Windows-Security-Auditing | 2021-12-12 17:57:52.366793 |           | ComputerAccountChange: -; TargetUserName: DC012$; TargetDomainName: 3B; TargetSid: S-1-5-21-308926384-506822093-3341789130-220105; SubjectUserSid: S-1-5-21-308926384-506822093-3341789130-101606              |
+------------+-----------+-------------------------------------+----------------------------+-----------+----------------------------------------------------------------------------------------------------------------------------------------------------------------------------------------------------------------+
| Informal   |      4624 | Microsoft-Windows-Security-Auditing | 2021-12-12 17:57:52.372002 |           | SubjectUserSid: S-1-0-0; SubjectUserName: -; SubjectDomainName: -; SubjectLogonId: 0x0000000000000000; TargetUserSid: S-1-5-21-308926384-506822093-3341789130-101606                                           |
+------------+-----------+-------------------------------------+----------------------------+-----------+----------------------------------------------------------------------------------------------------------------------------------------------------------------------------------------------------------------+
| Informal   |      4742 | Microsoft-Windows-Security-Auditing | 2021-12-12 17:57:52.375084 |           | ComputerAccountChange: -; TargetUserName: 01566s-win16-ir; TargetDomainName: 3B; TargetSid: S-1-5-21-308926384-506822093-3341789130-220105; SubjectUserSid: S-1-5-21-308926384-506822093-3341789130-101606     |
+------------+-----------+-------------------------------------+----------------------------+-----------+----------------------------------------------------------------------------------------------------------------------------------------------------------------------------------------------------------------+
| Informal   |      4781 | Microsoft-Windows-Security-Auditing | 2021-12-12 17:57:52.375105 |           | OldTargetUserName: DC012$; NewTargetUserName: 01566s-win16-ir; TargetDomainName: 3B; TargetSid: S-1-5-21-308926384-506822093-3341789130-220105; SubjectUserSid: S-1-5-21-308926384-506822093-3341789130-101606 |
+------------+-----------+-------------------------------------+----------------------------+-----------+----------------------------------------------------------------------------------------------------------------------------------------------------------------------------------------------------------------+
| Informal   |      4768 | Microsoft-Windows-Security-Auditing | 2021-12-12 17:57:52.473244 |           | TargetUserName: 01566s-win16-ir; TargetDomainName: threebeesco.com; TargetSid: S-1-5-21-308926384-506822093-3341789130-220105; ServiceName: krbtgt; ServiceSid: S-1-5-21-308926384-506822093-3341789130-502    |
+------------+-----------+-------------------------------------+----------------------------+-----------+----------------------------------------------------------------------------------------------------------------------------------------------------------------------------------------------------------------+
| Informal   |      4624 | Microsoft-Windows-Security-Auditing | 2021-12-12 17:57:52.497330 |           | SubjectUserSid: S-1-0-0; SubjectUserName: -; SubjectDomainName: -; SubjectLogonId: 0x0000000000000000; TargetUserSid: S-1-5-21-308926384-506822093-3341789130-101606                                           |
+------------+-----------+-------------------------------------+----------------------------+-----------+----------------------------------------------------------------------------------------------------------------------------------------------------------------------------------------------------------------+
| Informal   |      4742 | Microsoft-Windows-Security-Auditing | 2021-12-12 17:57:52.499428 |           | ComputerAccountChange: -; TargetUserName: DC012; TargetDomainName: 3B; TargetSid: S-1-5-21-308926384-506822093-3341789130-220105; SubjectUserSid: S-1-5-21-308926384-506822093-3341789130-101606               |
+------------+-----------+-------------------------------------+----------------------------+-----------+----------------------------------------------------------------------------------------------------------------------------------------------------------------------------------------------------------------+
| Informal   |      4781 | Microsoft-Windows-Security-Auditing | 2021-12-12 17:57:52.499454 |           | OldTargetUserName: 01566s-win16-ir; NewTargetUserName: DC012; TargetDomainName: 3B; TargetSid: S-1-5-21-308926384-506822093-3341789130-220105; SubjectUserSid: S-1-5-21-308926384-506822093-3341789130-101606  |
+------------+-----------+-------------------------------------+----------------------------+-----------+----------------------------------------------------------------------------------------------------------------------------------------------------------------------------------------------------------------+
| Informal   |      4769 | Microsoft-Windows-Security-Auditing | 2021-12-12 17:57:52.518885 |           | TargetUserName: 01566s-win16-ir@THREEBEESCO.COM; TargetDomainName: THREEBEESCO.COM; ServiceName: 01566S-WIN16-IR$; ServiceSid: S-1-5-21-308926384-506822093-3341789130-35103; TicketOptions: 0x40800018        |
+------------+-----------+-------------------------------------+----------------------------+-----------+----------------------------------------------------------------------------------------------------------------------------------------------------------------------------------------------------------------+
| Informal   |      4624 | Microsoft-Windows-Security-Auditing | 2021-12-12 17:58:04.842262 |           | SubjectUserSid: S-1-0-0; SubjectUserName: -; SubjectDomainName: -; SubjectLogonId: 0x0000000000000000; TargetUserSid: S-1-5-18                                                                                 |
+------------+-----------+-------------------------------------+----------------------------+-----------+----------------------------------------------------------------------------------------------------------------------------------------------------------------------------------------------------------------+
2025-01-16 11:58:22,081 - INFO - Starting EventLogAnalyzer...
2025-01-16 11:58:24,072 - INFO - Fetching and analyzing system logs...
2025-01-16 12:00:13,374 - INFO - Starting EventLogAnalyzer...
2025-01-16 12:00:14,190 - INFO - Fetching and analyzing system logs...
2025-01-16 12:00:14,229 - INFO - 
+------------+-----------+----------------------------------+---------------------+-----------+-----------------------+
| Category   |   EventID | Source                           | Time                | UserSID   | Details               |
+============+===========+==================================+=====================+===========+=======================+
| Informal   |      8224 | VSS                              | 2025-01-16 11:52:39 | Unknown   | No additional details |
+------------+-----------+----------------------------------+---------------------+-----------+-----------------------+
| Informal   |     10001 | Microsoft-Windows-RestartManager | 2025-01-16 11:49:50 | Unknown   | No additional details |
+------------+-----------+----------------------------------+---------------------+-----------+-----------------------+
| Informal   |      8216 | System Restore                   | 2025-01-16 11:49:39 | Unknown   | No additional details |
+------------+-----------+----------------------------------+---------------------+-----------+-----------------------+
| Informal   |      8216 | System Restore                   | 2025-01-16 11:49:27 | Unknown   | No additional details |
+------------+-----------+----------------------------------+---------------------+-----------+-----------------------+
| Informal   |      8216 | System Restore                   | 2025-01-16 11:49:22 | Unknown   | No additional details |
+------------+-----------+----------------------------------+---------------------+-----------+-----------------------+
| Informal   |     10000 | Microsoft-Windows-RestartManager | 2025-01-16 11:49:17 | Unknown   | No additional details |
+------------+-----------+----------------------------------+---------------------+-----------+-----------------------+
